<?xml version="1.0" encoding="UTF-8"?>
<testng-results ignored="0" total="4" passed="4" failed="0" skipped="0">
  <reporter-output>
  </reporter-output>
  <suite started-at="2021-09-27T06:55:04Z" name="Suite" finished-at="2021-09-27T06:55:13Z" duration-ms="8741">
    <groups>
    </groups>
    <test started-at="2021-09-27T06:55:04Z" name="Test" finished-at="2021-09-27T06:55:04Z" duration-ms="46">
      <class name="LoginTest.AppTest">
        <test-method signature="invalidLogin()[pri:0, instance:LoginTest.AppTest@59d4cd39]" started-at="2021-09-27T06:55:04Z" name="invalidLogin" description="invalid test" finished-at="2021-09-27T06:55:04Z" duration-ms="13" status="PASS">
          <reporter-output>
          </reporter-output>
        </test-method> <!-- invalidLogin -->
        <test-method signature="validLogin()[pri:0, instance:LoginTest.AppTest@59d4cd39]" started-at="2021-09-27T06:55:04Z" name="validLogin" description="valid test" finished-at="2021-09-27T06:55:04Z" duration-ms="1" status="PASS">
          <reporter-output>
          </reporter-output>
        </test-method> <!-- validLogin -->
      </class> <!-- LoginTest.AppTest -->
    </test> <!-- Test -->
    <test started-at="2021-09-27T06:55:04Z" name="Test1" finished-at="2021-09-27T06:55:04Z" duration-ms="0">
      <class name="LoginTest.ComparisionTest">
        <test-method signature="checkingComparision()[pri:0, instance:LoginTest.ComparisionTest@490caf5f]" started-at="2021-09-27T06:55:04Z" name="checkingComparision" finished-at="2021-09-27T06:55:04Z" duration-ms="0" status="PASS">
          <reporter-output>
          </reporter-output>
        </test-method> <!-- checkingComparision -->
      </class> <!-- LoginTest.ComparisionTest -->
    </test> <!-- Test1 -->
    <test started-at="2021-09-27T06:55:04Z" name="Test2" finished-at="2021-09-27T06:55:13Z" duration-ms="8647">
      <class name="LoginTest.UdemyLogin">
        <test-method is-config="true" signature="beforeTest()[pri:0, instance:LoginTest.UdemyLogin@5e403b4a]" started-at="2021-09-27T06:55:04Z" name="beforeTest" finished-at="2021-09-27T06:55:06Z" duration-ms="2029" status="PASS">
          <reporter-output>
          </reporter-output>
        </test-method> <!-- beforeTest -->
        <test-method signature="doLogin()[pri:0, instance:LoginTest.UdemyLogin@5e403b4a]" started-at="2021-09-27T06:55:06Z" name="doLogin" finished-at="2021-09-27T06:55:10Z" duration-ms="3883" status="PASS">
          <reporter-output>
          </reporter-output>
        </test-method> <!-- doLogin -->
        <test-method is-config="true" signature="afterTest()[pri:0, instance:LoginTest.UdemyLogin@5e403b4a]" started-at="2021-09-27T06:55:10Z" name="afterTest" finished-at="2021-09-27T06:55:13Z" duration-ms="2734" status="PASS">
          <reporter-output>
          </reporter-output>
        </test-method> <!-- afterTest -->
      </class> <!-- LoginTest.UdemyLogin -->
    </test> <!-- Test2 -->
  </suite> <!-- Suite -->
</testng-results>
