<?xml version="1.0" encoding="UTF-8"?>
<testng-results skipped="0" failed="0" ignored="0" total="1" passed="1">
  <reporter-output>
  </reporter-output>
  <suite name="Default suite" duration-ms="7170" started-at="2021-09-27T06:40:42Z" finished-at="2021-09-27T06:40:49Z">
    <groups>
    </groups>
    <test name="Default test" duration-ms="7170" started-at="2021-09-27T06:40:42Z" finished-at="2021-09-27T06:40:49Z">
      <class name="LoginTest.UdemyLogin">
        <test-method status="PASS" signature="beforeTest()[pri:0, instance:LoginTest.UdemyLogin@3c9d0b9d]" name="beforeTest" is-config="true" duration-ms="1997" started-at="2021-09-27T06:40:42Z" finished-at="2021-09-27T06:40:44Z">
          <reporter-output>
          </reporter-output>
        </test-method> <!-- beforeTest -->
        <test-method status="PASS" signature="doLogin()[pri:0, instance:LoginTest.UdemyLogin@3c9d0b9d]" name="doLogin" duration-ms="3118" started-at="2021-09-27T06:40:44Z" finished-at="2021-09-27T06:40:47Z">
          <reporter-output>
          </reporter-output>
        </test-method> <!-- doLogin -->
        <test-method status="PASS" signature="afterTest()[pri:0, instance:LoginTest.UdemyLogin@3c9d0b9d]" name="afterTest" is-config="true" duration-ms="2017" started-at="2021-09-27T06:40:47Z" finished-at="2021-09-27T06:40:49Z">
          <reporter-output>
          </reporter-output>
        </test-method> <!-- afterTest -->
      </class> <!-- LoginTest.UdemyLogin -->
    </test> <!-- Default test -->
  </suite> <!-- Default suite -->
</testng-results>
